[00:00:15] [main/INFO]: Loading Minecraft 1.21 with Fabric Loader 0.15.11
[00:00:15] [main/INFO]: Loading 8 mods:
	- fabricloader 0.15.11
	   \-- mixinextras 0.3.5
	- fabricproxy-lite 2.9.0
	   |-- com_moandjiezana_toml_toml4j 0.7.2
	   |-- fabric-api-base 0.4.42+6573ed8c90
	   \-- fabric-networking-api-v1 4.1.0+686dcdce90
	- java 21
	- minecraft 1.21
[00:00:15] [main/INFO]: SpongePowered MIXIN Subsystem Version=0.8.5 Source=file:/crafty/servers/a0d21672-1b3d-451d-a327-f6abecb99ca7/libraries/net/fabricmc/sponge-mixin/0.13.3+mixin.0.8.5/sponge-mixin-0.13.3+mixin.0.8.5.jar Service=Knot/Fabric Env=SERVER
[00:00:15] [main/INFO]: Compatibility level set to JAVA_17
[00:00:24] [main/INFO]: Initializing MixinExtras via com.llamalad7.mixinextras.service.MixinExtrasServiceImpl(version=0.3.5).
[00:00:25] [main/INFO]: Environment: Environment[sessionHost=https://sessionserver.mojang.com, servicesHost=https://api.minecraftservices.com, name=PROD]
[00:00:27] [main/INFO]: Loaded 1290 recipes
[00:00:27] [main/INFO]: Loaded 1399 advancements
[00:00:28] [Server thread/INFO]: Starting minecraft server version 1.21
[00:00:28] [Server thread/INFO]: Loading properties
[00:00:28] [Server thread/INFO]: Default game type: SURVIVAL
[00:00:28] [Server thread/INFO]: Generating keypair
[00:00:28] [Server thread/INFO]: Starting Minecraft server on *:25565
[00:00:28] [Server thread/INFO]: Using epoll channel type
[00:00:29] [Server thread/WARN]: **** SERVER IS RUNNING IN OFFLINE/INSECURE MODE!
[00:00:29] [Server thread/WARN]: The server will make no attempt to authenticate usernames. Beware.
[00:00:29] [Server thread/WARN]: While this makes the game possible to play without internet access, it also opens up the ability for hackers to connect with any username they choose.
[00:00:29] [Server thread/WARN]: To change this, set "online-mode" to "true" in the server.properties file.
[00:00:29] [Server thread/INFO]: Preparing level "world"
[00:00:32] [Server thread/INFO]: Preparing start region for dimension minecraft:overworld
[00:00:32] [Worker-Main-1/INFO]: Preparing spawn area: 0%
[00:00:32] [Worker-Main-1/INFO]: Preparing spawn area: 0%
[00:00:33] [Server thread/INFO]: Time elapsed: 771 ms
[00:00:33] [Server thread/INFO]: Done (4.046s)! For help, type "help"
[00:00:33] [Server thread/INFO]: Starting remote control listener
[00:00:33] [Server thread/INFO]: Thread RCON Listener started
[00:00:33] [Server thread/INFO]: RCON running on 0.0.0.0:25575
